android/app/build/outputs/logs/manifest-merger-release-report.txt
-- Merging decision tree log ---
manifest
ADDED from src/main/AndroidManifest.xml:3:1-33:12
	package
		ADDED from src/main/AndroidManifest.xml:4:2-26
		INJECTED from src/main/AndroidManifest.xml
		INJECTED from src/main/AndroidManifest.xml
	android:versionName
		ADDED from src/main/AndroidManifest.xml:6:2-27
		INJECTED from src/main/AndroidManifest.xml
		INJECTED from src/main/AndroidManifest.xml
	android:versionCode
		ADDED from src/main/AndroidManifest.xml:5:2-25
		INJECTED from src/main/AndroidManifest.xml
		INJECTED from src/main/AndroidManifest.xml
	xmlns:android
		ADDED from src/main/AndroidManifest.xml:3:11-69
	android:installLocation
		ADDED from src/main/AndroidManifest.xml:7:2-40
application
ADDED from src/main/AndroidManifest.xml:9:2-26:16
MERGED from [telstra.libs:SalesforceReact:unspecified] AndroidManifest.xml:11:5-20
MERGED from [telstra.libs:SmartSync:unspecified] AndroidManifest.xml:11:5-20
MERGED from [telstra.libs:SmartStore:unspecified] AndroidManifest.xml:11:5-15:19
MERGED from [telstra.libs:SalesforceSDK:unspecified] AndroidManifest.xml:22:5-115:19
MERGED from [telstra.libs:SalesforceAnalytics:unspecified] AndroidManifest.xml:14:5-20
MERGED from [com.google.android.gms:play-services-gcm:10.2.0] AndroidManifest.xml:23:5-19
MERGED from [com.google.android.gms:play-services-iid:10.2.0] AndroidManifest.xml:23:5-19
MERGED from [com.google.android.gms:play-services-base:10.2.0] AndroidManifest.xml:18:5-20:19
MERGED from [com.google.android.gms:play-services-tasks:10.2.0] AndroidManifest.xml:4:5-19
MERGED from [com.google.android.gms:play-services-basement:10.2.0] AndroidManifest.xml:19:5-21:19
MERGED from [com.facebook.react:react-native:0.43.1] AndroidManifest.xml:13:5-20
MERGED from [com.android.support:appcompat-v7:25.0.0] AndroidManifest.xml:25:5-20
MERGED from [com.android.support:animated-vector-drawable:25.0.0] AndroidManifest.xml:22:5-20
MERGED from [com.android.support:support-vector-drawable:25.0.0] AndroidManifest.xml:23:5-20
MERGED from [com.android.support:support-v4:25.0.0] AndroidManifest.xml:25:5-20
MERGED from [com.android.support:support-fragment:25.0.0] AndroidManifest.xml:25:5-20
MERGED from [com.android.support:support-media-compat:25.0.0] AndroidManifest.xml:25:5-20
MERGED from [com.android.support:support-core-ui:25.0.0] AndroidManifest.xml:25:5-20
MERGED from [com.android.support:support-core-utils:25.0.0] AndroidManifest.xml:25:5-20
MERGED from [com.android.support:support-compat:25.0.0] AndroidManifest.xml:25:5-20
MERGED from [com.facebook.soloader:soloader:0.1.0] AndroidManifest.xml:3:3-17
MERGED from [org.webkit:android-jsc:r174650] AndroidManifest.xml:2:3-17
	android:label
		ADDED from src/main/AndroidManifest.xml:10:6-38
	android:manageSpaceActivity
		ADDED from src/main/AndroidManifest.xml:12:3-81
	android:icon
		ADDED from src/main/AndroidManifest.xml:9:15-48
	android:name
		ADDED from src/main/AndroidManifest.xml:11:3-34
activity#au.com.telstra.MainActivity
ADDED from src/main/AndroidManifest.xml:15:3-22:14
	android:label
		ADDED from src/main/AndroidManifest.xml:16:7-39
	android:theme
		ADDED from src/main/AndroidManifest.xml:17:4-62
	android:name
		ADDED from src/main/AndroidManifest.xml:15:13-41
intent-filter#android.intent.action.MAIN+android.intent.category.LAUNCHER
ADDED from src/main/AndroidManifest.xml:18:4-21:20
action#android.intent.action.MAIN
ADDED from src/main/AndroidManifest.xml:19:5-57
	android:name
		ADDED from src/main/AndroidManifest.xml:19:13-54
category#android.intent.category.LAUNCHER
ADDED from src/main/AndroidManifest.xml:20:5-65
	android:name
		ADDED from src/main/AndroidManifest.xml:20:15-62
activity#com.facebook.react.devsupport.DevSettingsActivity
ADDED from src/main/AndroidManifest.xml:24:9-86
	android:name
		ADDED from src/main/AndroidManifest.xml:24:19-83
uses-sdk
ADDED from src/main/AndroidManifest.xml:28:5-29:41
MERGED from [telstra.libs:SalesforceReact:unspecified] AndroidManifest.xml:7:5-9:41
MERGED from [telstra.libs:SmartSync:unspecified] AndroidManifest.xml:7:5-9:41
MERGED from [telstra.libs:SmartStore:unspecified] AndroidManifest.xml:7:5-9:41
MERGED from [telstra.libs:SalesforceSDK:unspecified] AndroidManifest.xml:7:5-9:41
MERGED from [telstra.libs:SalesforceAnalytics:unspecified] AndroidManifest.xml:7:5-9:41
MERGED from [com.google.android.gms:play-services-gcm:10.2.0] AndroidManifest.xml:17:5-43
MERGED from [com.google.android.gms:play-services-iid:10.2.0] AndroidManifest.xml:17:5-43
MERGED from [com.google.android.gms:play-services-base:10.2.0] AndroidManifest.xml:17:5-43
MERGED from [com.google.android.gms:play-services-tasks:10.2.0] AndroidManifest.xml:3:5-43
MERGED from [com.google.android.gms:play-services-basement:10.2.0] AndroidManifest.xml:17:5-43
MERGED from [net.zetetic:android-database-sqlcipher:3.5.2] AndroidManifest.xml:3:3-40
MERGED from [com.facebook.react:react-native:0.43.1] AndroidManifest.xml:7:5-9:41
MERGED from [com.android.support:appcompat-v7:25.0.0] AndroidManifest.xml:21:5-23:78
MERGED from [com.android.support:animated-vector-drawable:25.0.0] AndroidManifest.xml:20:5-44
MERGED from [com.android.support:support-vector-drawable:25.0.0] AndroidManifest.xml:21:5-43
MERGED from [com.android.support:recyclerview-v7:23.4.0] AndroidManifest.xml:20:5-43
MERGED from [com.android.support:support-v4:25.0.0] AndroidManifest.xml:21:5-23:54
MERGED from [com.android.support:support-fragment:25.0.0] AndroidManifest.xml:21:5-23:60
MERGED from [com.android.support:support-media-compat:25.0.0] AndroidManifest.xml:21:5-23:63
MERGED from [com.android.support:support-core-ui:25.0.0] AndroidManifest.xml:21:5-23:58
MERGED from [com.android.support:support-core-utils:25.0.0] AndroidManifest.xml:21:5-23:61
MERGED from [com.android.support:support-compat:25.0.0] AndroidManifest.xml:21:5-23:58
MERGED from [com.facebook.fbui.textlayoutbuilder:textlayoutbuilder:1.0.0] AndroidManifest.xml:14:5-16:41
MERGED from [com.facebook.fresco:fresco:1.0.1] AndroidManifest.xml:5:5-7:41
MERGED from [com.facebook.fresco:drawee:1.0.1] AndroidManifest.xml:5:5-7:41
MERGED from [com.facebook.fresco:imagepipeline-okhttp3:1.0.1] AndroidManifest.xml:5:5-7:41
MERGED from [com.facebook.fresco:imagepipeline:1.0.1] AndroidManifest.xml:5:5-7:41
MERGED from [com.facebook.fresco:imagepipeline-base:1.0.1] AndroidManifest.xml:5:5-7:41
MERGED from [com.facebook.fresco:fbcore:1.0.1] AndroidManifest.xml:5:5-7:41
MERGED from [com.facebook.soloader:soloader:0.1.0] AndroidManifest.xml:2:3-70
	tools:overrideLibrary
		ADDED from [com.android.support:appcompat-v7:25.0.0] AndroidManifest.xml:23:9-75
	android:targetSdkVersion
		ADDED from src/main/AndroidManifest.xml:29:9-38
		INJECTED from src/main/AndroidManifest.xml
		INJECTED from src/main/AndroidManifest.xml
	android:minSdkVersion
		ADDED from src/main/AndroidManifest.xml:28:15-41
		INJECTED from src/main/AndroidManifest.xml
		INJECTED from src/main/AndroidManifest.xml
uses-permission#android.permission.SYSTEM_ALERT_WINDOW
ADDED from src/main/AndroidManifest.xml:31:5-77
MERGED from [com.facebook.react:react-native:0.43.1] AndroidManifest.xml:11:5-78
	android:name
		ADDED from src/main/AndroidManifest.xml:31:22-75
activity#com.salesforce.androidsdk.smartstore.ui.SmartStoreInspectorActivity
ADDED from [telstra.libs:SmartStore:unspecified] AndroidManifest.xml:14:9-104
	android:name
		ADDED from [telstra.libs:SmartStore:unspecified] AndroidManifest.xml:14:19-101
uses-permission#android.permission.AUTHENTICATE_ACCOUNTS
ADDED from [telstra.libs:SalesforceSDK:unspecified] AndroidManifest.xml:11:5-80
	android:name
		ADDED from [telstra.libs:SalesforceSDK:unspecified] AndroidManifest.xml:11:22-77
uses-permission#android.permission.GET_ACCOUNTS
ADDED from [telstra.libs:SalesforceSDK:unspecified] AndroidManifest.xml:12:5-71
	android:name
		ADDED from [telstra.libs:SalesforceSDK:unspecified] AndroidManifest.xml:12:22-68
uses-permission#android.permission.MANAGE_ACCOUNTS
ADDED from [telstra.libs:SalesforceSDK:unspecified] AndroidManifest.xml:13:5-74
	android:name
		ADDED from [telstra.libs:SalesforceSDK:unspecified] AndroidManifest.xml:13:22-71
uses-permission#android.permission.USE_CREDENTIALS
ADDED from [telstra.libs:SalesforceSDK:unspecified] AndroidManifest.xml:14:5-74
	android:name
		ADDED from [telstra.libs:SalesforceSDK:unspecified] AndroidManifest.xml:14:22-71
uses-permission#android.permission.WAKE_LOCK
ADDED from [telstra.libs:SalesforceSDK:unspecified] AndroidManifest.xml:15:5-68
	android:name
		ADDED from [telstra.libs:SalesforceSDK:unspecified] AndroidManifest.xml:15:22-65
uses-permission#android.permission.GET_TASKS
ADDED from [telstra.libs:SalesforceSDK:unspecified] AndroidManifest.xml:16:5-68
	android:name
		ADDED from [telstra.libs:SalesforceSDK:unspecified] AndroidManifest.xml:16:22-65
uses-permission#com.google.android.c2dm.permission.RECEIVE
ADDED from [telstra.libs:SalesforceSDK:unspecified] AndroidManifest.xml:17:5-82
MERGED from [com.google.android.gms:play-services-gcm:10.2.0] AndroidManifest.xml:20:5-81
MERGED from [com.google.android.gms:play-services-iid:10.2.0] AndroidManifest.xml:20:5-81
	android:name
		ADDED from [telstra.libs:SalesforceSDK:unspecified] AndroidManifest.xml:17:22-79
uses-permission-sdk-23
ADDED from [telstra.libs:SalesforceSDK:unspecified] AndroidManifest.xml:20:5-81
	android:name
		ADDED from [telstra.libs:SalesforceSDK:unspecified] AndroidManifest.xml:20:29-78
meta-data#android.content.APP_RESTRICTIONS
ADDED from [telstra.libs:SalesforceSDK:unspecified] AndroidManifest.xml:25:9-27:56
	android:resource
		ADDED from [telstra.libs:SalesforceSDK:unspecified] AndroidManifest.xml:27:13-53
	android:name
		ADDED from [telstra.libs:SalesforceSDK:unspecified] AndroidManifest.xml:26:13-60
service#com.salesforce.androidsdk.auth.AuthenticatorService
ADDED from [telstra.libs:SalesforceSDK:unspecified] AndroidManifest.xml:30:9-40:19
	android:exported
		ADDED from [telstra.libs:SalesforceSDK:unspecified] AndroidManifest.xml:32:13-36
	android:name
		ADDED from [telstra.libs:SalesforceSDK:unspecified] AndroidManifest.xml:31:13-79
intent-filter#android.accounts.AccountAuthenticator
ADDED from [telstra.libs:SalesforceSDK:unspecified] AndroidManifest.xml:33:13-35:29
action#android.accounts.AccountAuthenticator
ADDED from [telstra.libs:SalesforceSDK:unspecified] AndroidManifest.xml:34:17-80
	android:name
		ADDED from [telstra.libs:SalesforceSDK:unspecified] AndroidManifest.xml:34:25-77
meta-data#android.accounts.AccountAuthenticator
ADDED from [telstra.libs:SalesforceSDK:unspecified] AndroidManifest.xml:37:13-39:57
	android:resource
		ADDED from [telstra.libs:SalesforceSDK:unspecified] AndroidManifest.xml:39:17-54
	android:name
		ADDED from [telstra.libs:SalesforceSDK:unspecified] AndroidManifest.xml:38:17-69
activity#com.salesforce.androidsdk.ui.LoginActivity
ADDED from [telstra.libs:SalesforceSDK:unspecified] AndroidManifest.xml:43:9-45:67
	android:theme
		ADDED from [telstra.libs:SalesforceSDK:unspecified] AndroidManifest.xml:45:13-64
	android:name
		ADDED from [telstra.libs:SalesforceSDK:unspecified] AndroidManifest.xml:44:13-70
activity#com.salesforce.androidsdk.ui.PasscodeActivity
ADDED from [telstra.libs:SalesforceSDK:unspecified] AndroidManifest.xml:48:9-50:67
	android:theme
		ADDED from [telstra.libs:SalesforceSDK:unspecified] AndroidManifest.xml:50:13-64
	android:name
		ADDED from [telstra.libs:SalesforceSDK:unspecified] AndroidManifest.xml:49:13-73
activity#com.salesforce.androidsdk.ui.ManageSpaceActivity
ADDED from [telstra.libs:SalesforceSDK:unspecified] AndroidManifest.xml:53:9-56:67
	android:excludeFromRecents
		ADDED from [telstra.libs:SalesforceSDK:unspecified] AndroidManifest.xml:55:13-46
	android:theme
		ADDED from [telstra.libs:SalesforceSDK:unspecified] AndroidManifest.xml:56:13-64
	android:name
		ADDED from [telstra.libs:SalesforceSDK:unspecified] AndroidManifest.xml:54:13-76
activity#com.salesforce.androidsdk.ui.ServerPickerActivity
ADDED from [telstra.libs:SalesforceSDK:unspecified] AndroidManifest.xml:59:9-62:67
	android:excludeFromRecents
		ADDED from [telstra.libs:SalesforceSDK:unspecified] AndroidManifest.xml:61:13-46
	android:theme
		ADDED from [telstra.libs:SalesforceSDK:unspecified] AndroidManifest.xml:62:13-64
	android:name
		ADDED from [telstra.libs:SalesforceSDK:unspecified] AndroidManifest.xml:60:13-77
activity#com.salesforce.androidsdk.ui.AccountSwitcherActivity
ADDED from [telstra.libs:SalesforceSDK:unspecified] AndroidManifest.xml:65:9-68:67
	android:excludeFromRecents
		ADDED from [telstra.libs:SalesforceSDK:unspecified] AndroidManifest.xml:67:13-46
	android:theme
		ADDED from [telstra.libs:SalesforceSDK:unspecified] AndroidManifest.xml:68:13-64
	android:name
		ADDED from [telstra.libs:SalesforceSDK:unspecified] AndroidManifest.xml:66:13-80
receiver#com.google.android.gms.gcm.GcmReceiver
ADDED from [telstra.libs:SalesforceSDK:unspecified] AndroidManifest.xml:75:9-84:20
	android:exported
		ADDED from [telstra.libs:SalesforceSDK:unspecified] AndroidManifest.xml:77:13-36
	android:permission
		ADDED from [telstra.libs:SalesforceSDK:unspecified] AndroidManifest.xml:78:13-73
	android:name
		ADDED from [telstra.libs:SalesforceSDK:unspecified] AndroidManifest.xml:76:13-66
intent-filter#${applicationId}+com.google.android.c2dm.intent.RECEIVE
ADDED from [telstra.libs:SalesforceSDK:unspecified] AndroidManifest.xml:79:13-83:29
action#com.google.android.c2dm.intent.RECEIVE
ADDED from [telstra.libs:SalesforceSDK:unspecified] AndroidManifest.xml:80:17-81
	android:name
		ADDED from [telstra.libs:SalesforceSDK:unspecified] AndroidManifest.xml:80:25-78
category#${applicationId}
ADDED from [telstra.libs:SalesforceSDK:unspecified] AndroidManifest.xml:82:17-61
	android:name
		ADDED from [telstra.libs:SalesforceSDK:unspecified] AndroidManifest.xml:82:27-58
service#com.salesforce.androidsdk.push.SFDCGcmListenerService
ADDED from [telstra.libs:SalesforceSDK:unspecified] AndroidManifest.xml:86:9-92:19
	android:exported
		ADDED from [telstra.libs:SalesforceSDK:unspecified] AndroidManifest.xml:88:13-37
	android:name
		ADDED from [telstra.libs:SalesforceSDK:unspecified] AndroidManifest.xml:87:13-81
intent-filter#com.google.android.c2dm.intent.RECEIVE
ADDED from [telstra.libs:SalesforceSDK:unspecified] AndroidManifest.xml:89:13-91:29
service#com.salesforce.androidsdk.push.SFDCInstanceIDListenerService
ADDED from [telstra.libs:SalesforceSDK:unspecified] AndroidManifest.xml:93:9-99:19
	android:exported
		ADDED from [telstra.libs:SalesforceSDK:unspecified] AndroidManifest.xml:95:13-37
	android:name
		ADDED from [telstra.libs:SalesforceSDK:unspecified] AndroidManifest.xml:94:13-88
intent-filter#com.google.android.gms.iid.InstanceID
ADDED from [telstra.libs:SalesforceSDK:unspecified] AndroidManifest.xml:96:13-98:29
action#com.google.android.gms.iid.InstanceID
ADDED from [telstra.libs:SalesforceSDK:unspecified] AndroidManifest.xml:97:17-80
	android:name
		ADDED from [telstra.libs:SalesforceSDK:unspecified] AndroidManifest.xml:97:25-77
service#com.salesforce.androidsdk.push.SFDCRegistrationIntentService
ADDED from [telstra.libs:SalesforceSDK:unspecified] AndroidManifest.xml:100:9-103:19
	android:exported
		ADDED from [telstra.libs:SalesforceSDK:unspecified] AndroidManifest.xml:102:13-37
	android:name
		ADDED from [telstra.libs:SalesforceSDK:unspecified] AndroidManifest.xml:101:13-88
receiver#com.salesforce.androidsdk.push.PushService$SFDCRegistrationRetryAlarmReceiver
ADDED from [telstra.libs:SalesforceSDK:unspecified] AndroidManifest.xml:105:9-107:40
	android:exported
		ADDED from [telstra.libs:SalesforceSDK:unspecified] AndroidManifest.xml:107:13-37
	android:name
		ADDED from [telstra.libs:SalesforceSDK:unspecified] AndroidManifest.xml:106:13-105
service#com.salesforce.androidsdk.push.PushService
ADDED from [telstra.libs:SalesforceSDK:unspecified] AndroidManifest.xml:109:9-111:40
	android:exported
		ADDED from [telstra.libs:SalesforceSDK:unspecified] AndroidManifest.xml:111:13-37
	android:name
		ADDED from [telstra.libs:SalesforceSDK:unspecified] AndroidManifest.xml:110:13-70
service#com.salesforce.androidsdk.analytics.AnalyticsPublisherService
ADDED from [telstra.libs:SalesforceSDK:unspecified] AndroidManifest.xml:112:9-114:40
	android:exported
		ADDED from [telstra.libs:SalesforceSDK:unspecified] AndroidManifest.xml:114:13-37
	android:name
		ADDED from [telstra.libs:SalesforceSDK:unspecified] AndroidManifest.xml:113:13-89
uses-permission#android.permission.INTERNET
ADDED from [telstra.libs:SalesforceAnalytics:unspecified] AndroidManifest.xml:11:5-67
MERGED from [com.google.android.gms:play-services-gcm:10.2.0] AndroidManifest.xml:21:5-66
MERGED from [com.google.android.gms:play-services-iid:10.2.0] AndroidManifest.xml:21:5-66
	android:name
		ADDED from [telstra.libs:SalesforceAnalytics:unspecified] AndroidManifest.xml:11:22-64
uses-permission#android.permission.ACCESS_NETWORK_STATE
ADDED from [telstra.libs:SalesforceAnalytics:unspecified] AndroidManifest.xml:12:5-79
	android:name
		ADDED from [telstra.libs:SalesforceAnalytics:unspecified] AndroidManifest.xml:12:22-76
activity#com.google.android.gms.common.api.GoogleApiActivity
ADDED from [com.google.android.gms:play-services-base:10.2.0] AndroidManifest.xml:19:9-172
	android:exported
		ADDED from [com.google.android.gms:play-services-base:10.2.0] AndroidManifest.xml:19:146-170
	android:theme
		ADDED from [com.google.android.gms:play-services-base:10.2.0] AndroidManifest.xml:19:86-145
	android:name
		ADDED from [com.google.android.gms:play-services-base:10.2.0] AndroidManifest.xml:19:19-85
meta-data#com.google.android.gms.version
ADDED from [com.google.android.gms:play-services-basement:10.2.0] AndroidManifest.xml:20:9-121
	android:value
		ADDED from [com.google.android.gms:play-services-basement:10.2.0] AndroidManifest.xml:20:66-119
	android:name
		ADDED from [com.google.android.gms:play-services-basement:10.2.0] AndroidManifest.xml:20:20-65
uses-permission#android.permission.WRITE_EXTERNAL_STORAGE
IMPLIED from src/main/AndroidManifest.xml:3:1-33:12 reason: org.webkit.android_jsc has a targetSdkVersion < 4
uses-permission#android.permission.READ_PHONE_STATE
IMPLIED from src/main/AndroidManifest.xml:3:1-33:12 reason: org.webkit.android_jsc has a targetSdkVersion < 4
uses-permission#android.permission.READ_EXTERNAL_STORAGE
IMPLIED from src/main/AndroidManifest.xml:3:1-33:12 reason: org.webkit.android_jsc requested WRITE_EXTERNAL_STORAGE